<?xml version="1.0" encoding="UTF-8"?>
<!-- Generated by org.testng.reporters.JUnitReportReporter -->
<testsuite skipped="0" hostname="ADMIN" name="regression.testscripts.GmailUsingProperties" tests="1" failures="0" timestamp="28 Jun 2020 04:45:49 GMT" time="26.043" errors="0">
  <testcase name="validateLoginTest" time="26.043" classname="regression.testscripts.GmailUsingProperties"/>
</testsuite> <!-- regression.testscripts.GmailUsingProperties -->
